<?xml version="1.0" encoding="UTF-8"?>

<mule xmlns:spring="http://www.springframework.org/schema/beans" xmlns:sap="http://www.mulesoft.org/schema/mule/sap" 
	xmlns:sfdc="http://www.mulesoft.org/schema/mule/sfdc" 
	xmlns="http://www.mulesoft.org/schema/mule/core" 
	xmlns:doc="http://www.mulesoft.org/schema/mule/documentation"
	 
	xmlns:xsi="http://www.w3.org/2001/XMLSchema-instance" 
	xsi:schemaLocation="http://www.mulesoft.org/schema/mule/core http://www.mulesoft.org/schema/mule/core/current/mule.xsd
http://www.mulesoft.org/schema/mule/sfdc http://www.mulesoft.org/schema/mule/sfdc/current/mule-sfdc.xsd
http://www.mulesoft.org/schema/mule/sap http://www.mulesoft.org/schema/mule/sap/current/mule-sap.xsd
http://www.springframework.org/schema/beans http://www.springframework.org/schema/beans/spring-beans-current.xsd">
    <sub-flow name="createContactSapFlow" >

        
		<processor-chain doc:name="Processor Chain">
			<sap:outbound-endpoint exchange-pattern="request-response"
				connector-ref="SAP" type="function" functionName="BAPI_CUSTOMER_GETINTNUMBER"
				xmlVersion="2" outputXml="true" evaluateFunctionResponse="true"
				responseTimeout="10000" doc:name="Get Next Customer Number from SAP">
                <sap:definition><![CDATA[<BAPI_CUSTOMER_GETINTNUMBER type="function">
	<import>
		<ACCOUNTGROUP type="field" sapDescription="Account group" sapType="CHAR"
					sapLength="10">ZAG2</LOW>
	</import>
</BAPI_CUSTOMER_GETINTNUMBER>
]]></sap:definition>

			</sap:outbound-endpoint>
		</processor-chain>
        
        
    </sub-flow>
    <sub-flow name="deleteFromSapFlow" >
        <logger level="INFO" doc:name="Logger"/>
    </sub-flow>
    <sub-flow name="retrieveContactFromSalesforceFlow" >

        <sfdc:query-single config-ref="Salesforce" query="SELECT Id, AccountID, Account.Name, FirstName, LastName FROM Contact WHERE FirstName = '#[payload[&quot;FirstName&quot;]]' and LastName = '#[payload[&quot;LastName&quot;]]'" doc:name="Salesforce" />

    </sub-flow>
    <sub-flow name="deleteFromSalesforceFlow" >

        <sfdc:delete config-ref="Salesforce" doc:name="Salesforce">
            <sfdc:ids ref="#[payload]"/>
        </sfdc:delete>

    </sub-flow>

</mule>